Starting Dynare (version 6.3).
Calling Dynare with arguments: nointeractive
Starting preprocessing of the model file ...
Found 45 equation(s).
Evaluating expressions...
Computing static model derivatives (order 1).
Normalizing the static model...
Finding the optimal block decomposition of the static model...
9 block(s) found:
  8 recursive block(s) and 1 simultaneous block(s).
  the largest simultaneous block has 30 equation(s)
                                 and 30 feedback variable(s).
Computing dynamic model derivatives (order 2).
Normalizing the dynamic model...
Finding the optimal block decomposition of the dynamic model...
3 block(s) found:
  2 recursive block(s) and 1 simultaneous block(s).
  the largest simultaneous block has 32 equation(s)
                                 and 21 feedback variable(s).
Preprocessing completed.
Preprocessing time: 0h00m00s.
DYNARE_SOLVE (solve_algo=2|4): number of blocks = 18
MODEL_DIAGNOSTICS:  No obvious problems with this mod-file were detected.


Residuals of the static equations:
Equation number 12: MPK                             :      -0.000000
Equation number 43: Measurement Eq: GDP Obs         :      -1.989253
Equation number 44: Measurement Eq: Consumption Obs :      -1.744123
Equation number 45: Measurement Eq: Investment Obs  :      -0.291099



EIGENVALUES:
         Modulus             Real        Imaginary
       4.255e-16        4.255e-16                0
         0.09225          0.09208         0.005652
         0.09225          0.09208        -0.005652
          0.5936           0.5936                0
             0.8              0.8                0
             0.8              0.8                0
             0.8              0.8                0
             0.8              0.8                0
             0.8              0.8                0
          0.8329           0.8329                0
            0.95             0.95                0
          0.9943           0.9943                0
           1.027            1.027                0
           1.261            1.261                0
            1.66             1.66                0
           3.972            2.239            3.281
           3.972            2.239           -3.281
       3.662e+15        3.662e+15                0
       2.933e+16        2.933e+16                0
       3.498e+16       -3.498e+16                0
       7.006e+16       -7.006e+16                0
       9.689e+16       -9.689e+16                0
       2.485e+17        2.485e+17                0
       3.157e+17       -3.157e+17                0

There are 12 eigenvalue(s) larger than 1 in modulus for 12 forward-looking variable(s)
The rank condition is verified.


STEADY-STATE RESULTS:

K          		 11.6439
C          		 1.74412
W          		 1.28101
P_d        		 0.995174
P_im       		 1.01173
s          		 0.809387
I          		 0.291099
P_c        		 1
lambda     		 0.570174
h          		 0.828201
P_i        		 1.00328
R_K        		 0.0455573
R_star     		 0.0204082
q_d        		 1.9989
q_cd       		 1.25078
q_cim      		 0.49359
q_id       		 0.151577
q_iim      		 0.139571
q_ex       		 0.596545
EX         		 0.593667
IM         		 0.640591
NX         		 -0.0469241
B_star     		 -4.91545
GDP        		 1.98925
GDP_ann    		 7.95701
TO         		 0.620463
q_im       		 0.633161
Upsilon_d  		 0
Upsilon_im 		 0
Pi_d       		 0.397851
Pi_im      		 0.128118
mu         		 0.796139
MC         		 0.796139
rer        		 0.809387
WL         		 1.18224e-06
P_star     		 1
A          		 1
Pim_star   		 1
Z_C        		 1
Z_I        		 1
y_star     		 1
i_nom      		 0.0204082
Y_obs      		 1.98925
C_obs      		 1.74412
I_obs      		 0.291099

You did not declare endogenous variables after the estimation/calib_smoother command.
Smoothed variables will be computed for the 45 endogenous variables
of your model, this can take a long time ....

Initial value of the log posterior (or likelihood): 1311.831
Gradient norm  18229.0387
Minimum Hessian eigenvalue 29.8573
Maximum Hessian eigenvalue 11468304.53
 
Iteration 1
Predicted improvement:       82.910628485
lambda =          1; f =        -1432.8633391
lambda =     1.9332; f =        -1311.7980103
lambda =     1.3017; f =        -1311.8277240
lambda =     1.0267; f =        -1311.8309543
lambda =     1.0079; f =        -1433.1075737
lambda =     1.0192; f =        -1311.8309599
Norm of dx     0.3023
Predicted improvement: 166148926.101573795
lambda =          1; f =    268053473.1782254
lambda =    0.33333; f =     29782387.4446424
lambda =    0.11111; f =      3307933.4381314
lambda =   0.037037; f =       366364.4624074
lambda =   0.012346; f =        39535.8067712
lambda =  0.0041152; f =         3225.6160364
lambda =  0.0013717; f =         -807.9556326
lambda = 0.00045725; f =        -1255.9398938
lambda = 0.00015242; f =        -1305.6524666
lambda = 5.0805e-05; f =        -1311.1549337
lambda = 1.6935e-05; f =        -1311.7592683
lambda =  5.645e-06; f =        -1311.8240663
lambda = 1.8817e-06; f =        -1311.8304827
lambda = 6.2723e-07; f =        -1311.8309522
lambda = 2.0908e-07; f =        -1469.7644065
Norm of dx      18229
Gradient step!!
Predicted improvement:        0.301092749
lambda =          1; f =        -1470.3129326
lambda =     1.9332; f =        -1470.7324187
lambda =     3.7372; f =        -1471.3121550
Norm of dx 0.00018002
Done for param eps_A =   0.0123; f = -1471.3122
Predicted improvement:        7.283688656
lambda =          1; f =        -1469.7987455
lambda =    0.33333; f =        -1473.8166625
Norm of dx  0.0023768
Done for param eps_C =   0.0082; f = -1473.8167
Predicted improvement:        3.245416276
lambda =          1; f =        -1478.2458241
Norm of dx 0.00028702
Done for param eps_I =   0.0034; f = -1478.2458
Predicted improvement:        0.616443778
lambda =          1; f =        -1479.1744800
lambda =     1.9332; f =        -1479.8346790
Norm of dx  0.0017448
Done for param rho_C =   0.9955; f = -1479.8347
Predicted improvement:        0.431841697
lambda =          1; f =        -1480.3521380
Norm of dx   0.035888
Done for param rho_I =   0.6404; f = -1480.3521
Predicted improvement:        0.042255436
lambda =          1; f =        -1480.4365505
lambda =     1.9332; f =        -1480.5151457
lambda =     3.7372; f =        -1480.6666011
lambda =     7.2247; f =        -1480.9575904
lambda =     13.967; f =        -1481.5134331
lambda =         27; f =        -1482.5632499
lambda =     52.196; f =        -1484.5022917
lambda =      100.9; f =        -1487.9260621
lambda =     195.07; f =        -1493.4153211
lambda =      377.1; f =        -1500.2888087
Norm of dx 0.00020734
Done for param phi_K =   0.2111; f = -1500.2888
Sequence of univariate steps!!
Actual dxnorm 0.32278
FVAL          -1500.2888
Improvement   188.4578
Ftol          1e-05
Htol          1e-05
Elapsed time for iteration 0.31927 s.
 
Iteration 2
Predicted improvement:       21.873300945
lambda =          1; f =        -1525.0706591
Norm of dx    0.14132
Predicted improvement: 312043434.647560239
lambda =          1; f =       131523.2154079
lambda =    0.33333; f =        13122.1099501
lambda =    0.11111; f =           72.3245918
lambda =   0.037037; f =        -1342.3538839
lambda =   0.012346; f =        -1487.7744894
lambda =  0.0041152; f =        -1500.0103705
lambda =  0.0013717; f =         -912.4983605
lambda = 0.00045725; f =        -1498.2792977
lambda = 0.00015242; f =          125.6630889
lambda = 5.0805e-05; f =         -365.4238640
lambda = 1.6935e-05; f =         -759.5520477
lambda =  5.645e-06; f =        -1029.1194418
lambda = 1.8817e-06; f =        -1223.2628969
lambda = 6.2723e-07; f =        -1380.6125283
lambda = 2.0908e-07; f =        -1487.8849083
lambda = 6.9692e-08; f =        -1528.6359752
lambda = 2.3231e-08; f =        -1531.5906322
Norm of dx      24982
Gradient step!!
Predicted improvement:        0.383538870
lambda =          1; f =        -1531.9377241
Norm of dx  0.0006596
Done for param eps_A =   0.0123; f = -1531.9377
Predicted improvement:        2.947541106
lambda =          1; f =        -1535.3196658
Norm of dx 0.00076459
Done for param eps_C =   0.0078; f = -1535.3197
Predicted improvement:        0.575360421
lambda =          1; f =        -1535.9738458
Norm of dx  0.0002447
Done for param eps_I =   0.0050; f = -1535.9738
Predicted improvement:       24.812973337
lambda =          1; f =        -1572.9239678
lambda =     1.9332; f =        -1591.7387781
Norm of dx    0.19475
Done for param rho_C =   0.6008; f = -1591.7388
Predicted improvement:        0.593682320
lambda =          1; f =        -1592.3029763
Norm of dx   0.056634
Done for param rho_I =   0.7299; f = -1592.3030
Predicted improvement:        4.088218083
lambda =          1; f =        -1595.7447889
Norm of dx   0.089813
Done for param phi_K =   0.4371; f = -1595.7448
Sequence of univariate steps!!
Actual dxnorm 0.46359
FVAL          -1595.7448
Improvement   95.456
Ftol          1e-05
Htol          1e-05
Elapsed time for iteration 0.23255 s.
 
Iteration 3
Predicted improvement:       33.077203010
lambda =          1; f =        -1624.3400458
Norm of dx     0.3242
Predicted improvement: 71921244.185543880
lambda =          1; f =     71074952.3527129
lambda =    0.33333; f =      7895747.5114521
lambda =    0.11111; f =       875870.4114727
lambda =   0.037037; f =        95895.4421150
lambda =   0.012346; f =         9235.0056364
lambda =  0.0041152; f =         -392.8043530
lambda =  0.0013717; f =        -1462.2300652
lambda = 0.00045725; f =        -1580.9582019
lambda = 0.00015242; f =        -1594.1179029
lambda = 5.0805e-05; f =        -1595.5693205
lambda = 1.6935e-05; f =        -1595.7269987
lambda =  5.645e-06; f =        -1595.7433217
lambda = 1.8817e-06; f =        -1595.7447364
lambda = 6.2723e-07; f =          957.2731333
lambda = 2.0908e-07; f =        -1562.4632441
lambda = 6.9692e-08; f =        -1615.4207995
lambda = 2.3231e-08; f =        -1622.4529053
lambda = 7.7435e-09; f =        -1623.8293769
lambda = 2.5812e-09; f =        -1624.1829543

lambda =

  -6.2723e-07

lambda = -6.2723e-07; f =         5946.1367963
lambda = -2.0908e-07; f =        -1585.2698528
lambda = -6.9692e-08; f =        -1623.5218541
lambda = -2.3231e-08; f =        -1625.1614634
Norm of dx      11993
Predicted improvement:        0.012091130
lambda =          1; f =        -1625.1737037
Norm of dx 7.2483e-05
Done for param eps_A =   0.0088; f = -1625.1737
Predicted improvement:        4.227247475
lambda =          1; f =        -1630.1660673
Norm of dx 0.00065438
Done for param eps_C =   0.0060; f = -1630.1661
Predicted improvement:        2.568079953
lambda =          1; f =        -1633.0943523
Norm of dx 0.00059696
Done for param eps_I =   0.0064; f = -1633.0944
Predicted improvement:        0.007283166
lambda =          1; f =        -1633.1015063
Norm of dx   0.005811
Done for param rho_C =   0.3078; f = -1633.1015
Predicted improvement:        0.340256242
lambda =          1; f =        -1633.4277048
Norm of dx   0.037171
Done for param rho_I =   0.7512; f = -1633.4277
Predicted improvement:        0.000018480
lambda =          1; f =        -1633.4277235
Norm of dx 0.00024121
Done for param phi_K =   0.5870; f = -1633.4277
Sequence of univariate steps!!
Actual dxnorm 0.32976
FVAL          -1633.4277
Improvement   37.6829
Ftol          1e-05
Htol          1e-05
Elapsed time for iteration 0.14751 s.
 
Iteration 4
Predicted improvement:        1.578490580
lambda =          1; f =        -1635.1720507
Norm of dx    0.13621
Predicted improvement:        0.182232452
lambda =          1; f =        -1635.3631668
Norm of dx 0.00026481
Done for param eps_A =   0.0088; f = -1635.3632
Predicted improvement:        0.036563369
lambda =          1; f =        -1635.4005895
Norm of dx  8.915e-05
Done for param eps_C =   0.0063; f = -1635.4006
Predicted improvement:        0.177003622
lambda =          1; f =        -1635.5863600
Norm of dx 0.00023134
Done for param eps_I =   0.0078; f = -1635.5864
Predicted improvement:        0.000131510
lambda =          1; f =        -1635.5864915
Norm of dx 0.00080247
Done for param rho_C =   0.3018; f = -1635.5865
Predicted improvement:        0.025112880
lambda =          1; f =        -1635.6113061
Norm of dx   0.010007
Done for param rho_I =   0.7626; f = -1635.6113
Predicted improvement:        0.014351284
lambda =          1; f =        -1635.6257060
Norm of dx  0.0081607
Done for param phi_K =   0.7312; f = -1635.6257
Sequence of univariate steps!!
Actual dxnorm 0.14477
FVAL          -1635.6257
Improvement   2.198
Ftol          1e-05
Htol          1e-05
Elapsed time for iteration 0.082599 s.
 
Iteration 5
Predicted improvement:        0.206873494
lambda =          1; f =        -1635.8369927
Norm of dx   0.085167
Predicted improvement:        0.006687054
lambda =          1; f =        -1635.8437479
Norm of dx 5.4273e-05
Done for param eps_A =   0.0088; f = -1635.8437
Predicted improvement:        0.004531088
lambda =          1; f =        -1635.8483174
Norm of dx 3.2139e-05
Done for param eps_C =   0.0063; f = -1635.8483
Predicted improvement:        0.020065282
lambda =          1; f =        -1635.8687402
Norm of dx 9.0343e-05
Done for param eps_I =   0.0086; f = -1635.8687
Predicted improvement:        0.003313188
lambda =          1; f =        -1635.8720492
Norm of dx   0.004054
Done for param rho_C =   0.2999; f = -1635.8720
Predicted improvement:        0.017225519
lambda =          1; f =        -1635.8891143
Norm of dx   0.008228
Done for param rho_I =   0.7655; f = -1635.8891
Predicted improvement:        0.000104656
lambda =          1; f =        -1635.8892190
Norm of dx 0.00077201
Done for param phi_K =   0.8167; f = -1635.8892
Sequence of univariate steps!!
Actual dxnorm 0.085637
FVAL          -1635.8892
Improvement   0.26351
Ftol          1e-05
Htol          1e-05
Elapsed time for iteration 0.078895 s.
 
Iteration 6
Predicted improvement:        0.010729106
lambda =          1; f =        -1635.8997357
Norm of dx   0.022996
Predicted improvement:        0.000244197
lambda =          1; f =        -1635.8999804
Norm of dx 1.0514e-05
Done for param eps_A =   0.0088; f = -1635.9000
Predicted improvement:        0.000302602
lambda =          1; f =        -1635.9002836
Norm of dx 8.3849e-06
Done for param eps_C =   0.0063; f = -1635.9003
Predicted improvement:        0.000747446
lambda =          1; f =        -1635.9010336
Norm of dx 1.8256e-05
Done for param eps_I =   0.0088; f = -1635.9010
Predicted improvement:        0.000097219
lambda =          1; f =        -1635.9011308
Norm of dx 0.00069419
Done for param rho_C =   0.2990; f = -1635.9011
Predicted improvement:        0.000970114
lambda =          1; f =        -1635.9020987
Norm of dx  0.0019325
Done for param rho_I =   0.7662; f = -1635.9021
Sequence of univariate steps!!
Actual dxnorm 0.022929
FVAL          -1635.9021
Improvement   0.01288
Ftol          1e-05
Htol          1e-05
Elapsed time for iteration 0.07732 s.
 
Iteration 7
Predicted improvement:        0.000154434
lambda =          1; f =        -1635.9022570
Norm of dx  0.0027741
Predicted improvement:        0.000022500
lambda =          1; f =        -1635.9022703
lambda =    0.33333; f =        -1635.9022648
Norm of dx 0.00011803
Predicted improvement:        0.000011189
lambda =          1; f =        -1635.9022815
Norm of dx 1.6167e-06
Done for param eps_C =   0.0063; f = -1635.9023
Sequence of univariate steps!!
Actual dxnorm 0.0027819
FVAL          -1635.9023
Improvement   0.0001828
Ftol          1e-05
Htol          1e-05
Elapsed time for iteration 0.078335 s.
 
Iteration 8
Predicted improvement:        0.000006818
lambda =          1; f =        -1635.9022912
lambda =     1.9332; f =        -1635.9022930
Norm of dx 0.00012159
Predicted improvement:        0.000000000
lambda =          1; f =        -1635.9022930
lambda =    0.33333; f =        -1635.9022930
lambda =    0.11111; f =        -1635.9022930
lambda =   0.037037; f =        -1635.9022930
lambda =   0.012346; f =        -1635.9022930
lambda =  0.0041152; f =        -1635.9022930
lambda =  0.0013717; f =        -1635.9022930
lambda = 0.00045725; f =        -1635.9022930
lambda = 0.00015242; f =        -1635.9022930
lambda = 5.0805e-05; f =        -1635.9022930
lambda = 1.6935e-05; f =        -1635.9022930
lambda =  5.645e-06; f =        -1635.9022930
lambda = 1.8817e-06; f =        -1635.9022930
lambda = 6.2723e-07; f =        -1635.9022930
lambda = 2.0908e-07; f =        -1635.9022930
lambda = 6.9692e-08; f =        -1635.9022930
lambda = 2.3231e-08; f =        -1635.9022930
lambda = 7.7435e-09; f =        -1635.9022930
lambda = 2.5812e-09; f =        -1635.9022930

lambda =

  -6.2723e-07

lambda = -6.2723e-07; f =        -1635.9022930
Norm of dx 8.9794e-10
Sequence of univariate steps!!
Actual dxnorm 0.00023505
FVAL          -1635.9023
Improvement   1.1469e-05
Ftol          1e-05
Htol          1e-05
Elapsed time for iteration 0.10738 s.
 
Iteration 9
Predicted improvement:        0.000002991
lambda =          1; f =        -1635.9022950
Norm of dx 0.00034306
Norm of dx          0
Sequence of univariate steps!!
Try diagonal Hessian
Predicted improvement:        0.000000855
lambda =          1; f =        -1635.9022940
lambda =    0.33333; f =        -1635.9022948
lambda =    0.11111; f =        -1635.9022950
lambda =   0.037037; f =        -1635.9022950
lambda =   0.012346; f =        -1635.9022950
lambda =  0.0041152; f =        -1635.9022950
lambda =  0.0013717; f =        -1635.9022950
lambda = 0.00045725; f =        -1635.9022950
lambda = 0.00015242; f =        -1635.9022950
lambda = 5.0805e-05; f =        -1635.9022950
lambda = 1.6935e-05; f =        -1635.9022950
lambda =  5.645e-06; f =        -1635.9022950
lambda = 1.8817e-06; f =        -1635.9022950
lambda = 6.2723e-07; f =        -1635.9022950
lambda = 1.2125e-06; f =        -1635.9022950
lambda = 8.1646e-07; f =        -1635.9022950
lambda = 1.0351e-06; f =        -1635.9022950
lambda = 1.3123e-06; f =        -1635.9022950
lambda = 1.6638e-06; f =        -1635.9022950
lambda = 2.1094e-06; f =        -1635.9022950
lambda = 1.8295e-06; f =        -1635.9022950
Norm of dx 4.3439e-05
Try gradient direction
Predicted improvement:        0.000202744
lambda =          1; f =        -1635.7212604
lambda =    0.33333; f =        -1635.8828424
lambda =    0.11111; f =        -1635.9001449
lambda =   0.037037; f =        -1635.9020524
lambda =   0.012346; f =        -1635.9022666
lambda =  0.0041152; f =        -1635.9022914
lambda =  0.0013717; f =        -1635.9022944
lambda = 0.00045725; f =        -1635.9022949
lambda = 0.00015242; f =        -1635.9022950
lambda = 5.0805e-05; f =        -1635.9022950
lambda = 1.6935e-05; f =        -1635.9022950
lambda =  5.645e-06; f =        -1635.9022950
lambda = 1.8817e-06; f =        -1635.9022950
lambda = 6.2723e-07; f =        -1635.9022950
lambda = 2.0908e-07; f =        -1635.9022950
lambda = 6.9692e-08; f =        -1635.9022950
lambda = 2.3231e-08; f =        -1635.9022950
lambda = 7.7435e-09; f =        -1635.9022950
lambda = 2.5812e-09; f =        -1635.9022950

lambda =

  -6.2723e-07

lambda = -6.2723e-07; f =        -1635.9022950
Norm of dx 0.00020137
No further improvement is possible!
Actual dxnorm 0.00034306
FVAL          -1635.9023
Improvement   2.0524e-06
Ftol          1e-05
Htol          1e-05
Gradient norm  2.0137
Minimum Hessian eigenvalue 33.9862
Maximum Hessian eigenvalue 12104229.9956
Estimation successful.

Final value of minus the log posterior (or likelihood):-1635.902295 

MODE CHECK

Fval obtained by the optimization routine: -1635.902295

RESULTS FROM MAXIMUM LIKELIHOOD ESTIMATION
parameters
        Estimate    s.d. t-stat

rho_C     0.2987  0.0505  5.9193 
rho_I     0.7663  0.0446 17.1916 
phi_K     0.8428  0.1750  4.8157 

standard deviation of shocks
        Estimate    s.d. t-stat

eps_A     0.0088  0.0005 18.3167 
eps_C     0.0063  0.0003 18.3759 
eps_I     0.0088  0.0015  5.7741 


MODEL SUMMARY

  Number of variables:         45
  Number of stochastic shocks: 7
  Number of state variables:   12
  Number of jumpers:           12
  Number of static variables:  25


MATRIX OF COVARIANCE OF EXOGENOUS SHOCKS
Variables              eps_A    eps_P_star  eps_Pim_star    eps_y_star         eps_C         eps_I      eps_inom
eps_A               0.000078      0.000000      0.000000      0.000000      0.000000      0.000000      0.000000
eps_P_star          0.000000      0.000000      0.000000      0.000000      0.000000      0.000000      0.000000
eps_Pim_star        0.000000      0.000000      0.000000      0.000000      0.000000      0.000000      0.000000
eps_y_star          0.000000      0.000000      0.000000      0.000000      0.000000      0.000000      0.000000
eps_C               0.000000      0.000000      0.000000      0.000000      0.000039      0.000000      0.000000
eps_I               0.000000      0.000000      0.000000      0.000000      0.000000      0.000077      0.000000
eps_inom            0.000000      0.000000      0.000000      0.000000      0.000000      0.000000      0.000000

POLICY AND TRANSITION FUNCTIONS
                                       GDP               C               I              EX              IM              NX               s             P_c           i_nom
Constant                          1.989202        1.744114        0.291049        0.593655        0.640548       -0.046893        0.809375        0.999989        0.020378
(correction)                     -0.000051       -0.000009       -0.000050       -0.000011       -0.000042        0.000031       -0.000012       -0.000011       -0.000030
R_star(-1)                        0.007298       -0.097019        0.004393        0.044922       -0.059092        0.104014        0.020642       -0.002549       -0.001989
B_star(-1)                       -0.001515        0.020140       -0.000912       -0.009326        0.012267       -0.021593       -0.004285        0.000529        0.000413
A(-1)                             0.975370        0.506981        0.262771        0.267796       -0.273935        0.541730        0.026256       -0.172790       -0.014026
Pim_star(-1)                     -0.149095       -0.306352       -0.223951       -0.286283       -0.624935        0.338652       -0.185364        0.013937       -0.016570
Z_C(-1)                           0.319589        0.639857        0.091186        0.147554        0.210124       -0.062570        0.128411       -0.213048       -0.239243
Z_I(-1)                           0.083840       -0.072458        0.755879       -0.091415        0.286657       -0.378071       -0.045517        0.000713        0.022142
y_star(-1)                        0.107747       -0.083578       -0.043330        0.333134        0.083714        0.249420       -0.117458       -0.004974        0.019621
i_nom(-1)                        -0.900564       -0.400150       -0.273680       -0.426729       -0.577262        0.150533       -0.341406       -0.188344        0.241126
K(-1)                             0.033473        0.036555       -0.018326        0.009628       -0.016318        0.025946        0.001411       -0.005467        0.000213
P_d(-1)                          -0.523261       -0.232501       -0.120674       -0.146733        0.301401       -0.448135        0.016712        0.142363        0.082022
P_im(-1)                          0.007319       -0.561626       -0.475886       -0.339413       -1.151550        0.812138       -0.203811        0.101240        0.153700
P_star(-1)                        0.145754        0.351796        0.221411        0.265495        0.652367       -0.386872       -0.471665       -0.012715        0.017563
eps_A                             1.219213        0.633726        0.328464        0.334745       -0.342418        0.677163        0.032820       -0.215988       -0.017532
eps_P_star                        0.182192        0.439745        0.276764        0.331869        0.815459       -0.483590       -0.589582       -0.015893        0.021954
eps_Pim_star                     -0.186369       -0.382940       -0.279939       -0.357854       -0.781169        0.423315       -0.231705        0.017421       -0.020712
eps_y_star                        0.113418       -0.087977       -0.045611        0.350667        0.088120        0.262547       -0.123640       -0.005236        0.020654
eps_C                             1.069846        2.141966        0.305251        0.493948        0.703405       -0.209457        0.429865       -0.713193       -0.800883
eps_I                             0.109416       -0.094562        0.986456       -0.119300        0.374100       -0.493401       -0.059401        0.000930        0.028897
eps_inom                         -1.200752       -0.533533       -0.364907       -0.568973       -0.769683        0.200711       -0.455208       -0.251126        0.321502
R_star(-1),R_star(-1)             0.001468       -0.001908        0.000217        0.003387        0.001149        0.002238        0.001114       -0.000131        0.000172
B_star(-1),R_star(-1)            -0.002094        0.020529       -0.000984       -0.010545        0.011545       -0.022090       -0.004662        0.000573        0.000333
B_star(-1),B_star(-1)             0.000063       -0.000082        0.000009        0.000146        0.000050        0.000096        0.000048       -0.000006        0.000007
A(-1),R_star(-1)                  0.017624       -0.010227        0.006731        0.020563        0.033698       -0.013135        0.002561       -0.000588        0.003549
A(-1),B_star(-1)                 -0.003659        0.002123       -0.001397       -0.004269       -0.006995        0.002727       -0.000532        0.000122       -0.000737
A(-1),A(-1)                      -0.201668       -0.183818       -0.078879       -0.129889        0.113095       -0.242984       -0.047415        0.064934        0.046712
Pim_star(-1),R_star(-1)           0.006483        0.043678        0.012981        0.002160        0.078414       -0.076254        0.010021        0.000032        0.001678
Pim_star(-1),B_star(-1)          -0.001346       -0.009067       -0.002695       -0.000448       -0.016278        0.015830       -0.002080       -0.000007       -0.000348
Pim_star(-1),A(-1)                0.103978        0.092405        0.041176        0.002560        0.282955       -0.280396        0.089629       -0.009345        0.012118
Pim_star(-1),Pim_star(-1)         0.153136        0.261553        0.229864        0.303269        0.799556       -0.496287        0.173947       -0.015957        0.014555
Z_C(-1),R_star(-1)               -0.001706       -0.039107       -0.001666        0.008719       -0.011734        0.020453        0.001649        0.000580        0.000441
Z_C(-1),B_star(-1)                0.000354        0.008118        0.000346       -0.001810        0.002436       -0.004246       -0.000342       -0.000120       -0.000092
Z_C(-1),A(-1)                    -0.058081        0.166652        0.017770        0.046923       -0.140287        0.187210       -0.026719        0.013326        0.005390
Z_C(-1),Pim_star(-1)             -0.045000       -0.121946       -0.041128       -0.065693       -0.061933       -0.003761       -0.027537        0.004141       -0.005099
Z_C(-1),Z_C(-1)                  -0.134696       -0.222508       -0.050556       -0.074625       -0.075731        0.001105       -0.066774        0.123786        0.151822
Z_I(-1),R_star(-1)                0.000488        0.001764        0.002766       -0.010767       -0.012282        0.001515       -0.003318        0.000007        0.000133
Z_I(-1),B_star(-1)               -0.000101       -0.000366       -0.000574        0.002235        0.002550       -0.000315        0.000689       -0.000001       -0.000028
Z_I(-1),A(-1)                     0.030082       -0.043037        0.296460       -0.068020       -0.125672        0.057652       -0.019521       -0.001346        0.005542
Z_I(-1),Pim_star(-1)              0.015146       -0.052832       -0.305846       -0.020609       -0.230933        0.210324       -0.024985        0.001643        0.006272
Z_I(-1),Z_C(-1)                  -0.001338       -0.020285        0.116510       -0.019345        0.056583       -0.075928       -0.006850       -0.003224       -0.005173
Z_I(-1),Z_I(-1)                  -0.041886        0.055338        0.085418        0.060022       -0.139200        0.199222        0.028327        0.000370       -0.009973
y_star(-1),R_star(-1)             0.001235        0.003776       -0.004410        0.003796       -0.006035        0.009832       -0.014571       -0.000102        0.000158
y_star(-1),B_star(-1)            -0.000256       -0.000784        0.000915       -0.000788        0.001253       -0.002041        0.003025        0.000021       -0.000033
y_star(-1),A(-1)                 -0.017958       -0.076350       -0.051413        0.107295       -0.041694        0.148988       -0.036723       -0.001454       -0.006694
y_star(-1),Pim_star(-1)          -0.080285       -0.007369       -0.011420       -0.165018       -0.219534        0.054516        0.015864        0.005965       -0.011233
y_star(-1),Z_C(-1)                0.023688       -0.038865       -0.011872        0.068323       -0.018234        0.086557       -0.026599       -0.002414        0.002333
y_star(-1),Z_I(-1)               -0.016485        0.038951       -0.032673       -0.018341        0.040521       -0.058862        0.023890       -0.000437       -0.004799
y_star(-1),y_star(-1)            -0.023691        0.031634        0.016960       -0.103206       -0.006119       -0.097087        0.053366        0.000997       -0.004459
i_nom(-1),R_star(-1)             -0.006589        0.027972        0.001935       -0.029135        0.030289       -0.059425       -0.007118       -0.000905       -0.003014
i_nom(-1),B_star(-1)              0.001368       -0.005807       -0.000402        0.006048       -0.006288        0.012336        0.001478        0.000188        0.000626
i_nom(-1),A(-1)                  -0.214206       -0.164877       -0.125696       -0.253755        0.250427       -0.504182       -0.019268        0.043004        0.010666
i_nom(-1),Pim_star(-1)            0.094830        0.079806        0.114833        0.181540        0.245396       -0.063856        0.069019       -0.018172       -0.003422
i_nom(-1),Z_C(-1)                -0.316866       -0.143037       -0.047327       -0.106576       -0.284238        0.177662       -0.067491        0.026652       -0.039666
i_nom(-1),Z_I(-1)                 0.020093        0.006799       -0.348369        0.059613       -0.158099        0.217712        0.017690        0.003732        0.010649
i_nom(-1),y_star(-1)             -0.077959        0.048841        0.041715       -0.200165        0.032141       -0.232306        0.069079        0.004616       -0.012670
i_nom(-1),i_nom(-1)               0.153925       -0.088116       -0.011621        0.038993        0.244156       -0.205163        0.016966        0.020436        0.069343
K(-1),R_star(-1)                  0.000295       -0.000184       -0.000369        0.000835        0.001122       -0.000287        0.000178        0.000031        0.000121
K(-1),B_star(-1)                 -0.000061        0.000038        0.000077       -0.000173       -0.000233        0.000060       -0.000037       -0.000007       -0.000025
K(-1),A(-1)                       0.017510        0.012985       -0.015400        0.004548       -0.007125        0.011674       -0.000318       -0.001539        0.002093
K(-1),Pim_star(-1)                0.004553       -0.000766        0.014666        0.000256        0.017057       -0.016801        0.003216       -0.000115        0.000972
K(-1),Z_C(-1)                    -0.002872        0.013146       -0.006717        0.002095       -0.008890        0.010986       -0.000686        0.000272       -0.000314
K(-1),Z_I(-1)                    -0.005376        0.001482       -0.043576        0.003068       -0.022437        0.025505        0.001948       -0.000252       -0.001729
K(-1),y_star(-1)                 -0.000108       -0.004289        0.001288        0.003161       -0.000863        0.004025       -0.001746       -0.000123       -0.000211
K(-1),i_nom(-1)                  -0.002863       -0.010419        0.017933       -0.009470        0.020013       -0.029483       -0.001079        0.001468        0.001483
K(-1),K(-1)                      -0.000901       -0.001163        0.001811       -0.000644        0.001499       -0.002143       -0.000218        0.000214        0.000094
P_d(-1),R_star(-1)                0.029593       -0.011299       -0.015433       -0.026714       -0.027788        0.001074       -0.007665        0.002165        0.010685
P_d(-1),B_star(-1)               -0.006143        0.002346        0.003204        0.005546        0.005769       -0.000223        0.001591       -0.000449       -0.002218
P_d(-1),A(-1)                     0.758096       -0.650944       -0.422866       -0.498533       -0.091688       -0.406846       -0.197820        0.054006        0.271557
P_d(-1),Pim_star(-1)              0.271315       -0.212743       -0.127651       -0.104314       -0.240600        0.136286       -0.097876        0.033480        0.118415
P_d(-1),Z_C(-1)                  -0.357221        0.176011        0.146812        0.184565        0.157014        0.027551        0.118582       -0.034823       -0.142021
P_d(-1),Z_I(-1)                  -0.064000        0.052724       -0.120727        0.057757        0.110146       -0.052388        0.016675       -0.004753       -0.023215
P_d(-1),y_star(-1)               -0.086613        0.081692        0.053742       -0.032478        0.022938       -0.055416        0.025914       -0.006844       -0.032037
P_d(-1),i_nom(-1)                 1.015860       -0.458065       -0.278411       -0.311941       -0.248568       -0.063373       -0.199885        0.023883        0.291162
P_d(-1),K(-1)                     0.027017       -0.024849       -0.003701       -0.017715       -0.001545       -0.016171       -0.007157        0.001664        0.009287
P_d(-1),P_d(-1)                   1.728200       -0.624680       -0.374321       -0.596603       -0.304774       -0.291829       -0.362648       -0.077816        0.317661
P_im(-1),R_star(-1)              -0.010509        0.063275        0.013566       -0.006564        0.010419       -0.016983        0.005369       -0.003211       -0.007458
P_im(-1),B_star(-1)               0.002182       -0.013135       -0.002816        0.001363       -0.002163        0.003526       -0.001115        0.000667        0.001548
P_im(-1),A(-1)                    0.076678        0.190849        0.053339        0.044518        0.334616       -0.290098        0.118413       -0.079347       -0.099748
P_im(-1),Pim_star(-1)             0.052219        0.313536        0.298498        0.253797       -0.436386        0.690183        0.107200       -0.039717       -0.046451
P_im(-1),Z_C(-1)                 -0.017230       -0.251557       -0.117487       -0.118364       -0.630389        0.512024       -0.052241       -0.005023       -0.011865
P_im(-1),Z_I(-1)                  0.063436       -0.098484       -0.662174       -0.041978       -0.272162        0.230184       -0.037551        0.012774        0.035106
P_im(-1),y_star(-1)              -0.066096        0.027021        0.045061       -0.139461        0.334273       -0.473734        0.051483        0.008320       -0.004133
P_im(-1),i_nom(-1)                0.101469        0.390264        0.440858        0.412092        1.699359       -1.287268        0.188127       -0.074226       -0.085835
P_im(-1),K(-1)                    0.006337       -0.002687        0.038023       -0.000982        0.028175       -0.029157        0.002909       -0.002143       -0.001622
P_im(-1),P_d(-1)                  0.187058       -0.357363       -0.222080       -0.172280       -0.599428        0.427149       -0.144154        0.099933        0.196917
P_im(-1),P_im(-1)                 0.003433        0.888829        0.891424        0.646406        3.388049       -2.741643        0.351692       -0.164579       -0.246006
P_star(-1),R_star(-1)            -0.007398       -0.048089       -0.012842       -0.002477       -0.083220        0.080743       -0.026275       -0.000076       -0.001974
P_star(-1),B_star(-1)             0.001536        0.009983        0.002666        0.000514        0.017276       -0.016762        0.005455        0.000016        0.000410
P_star(-1),A(-1)                 -0.111299       -0.100961       -0.043653       -0.005977       -0.306722        0.300745       -0.109045        0.009239       -0.014116
P_star(-1),Pim_star(-1)          -0.157091       -0.280731       -0.239346       -0.301362       -1.037014        0.735652       -0.009794        0.016783       -0.014310
P_star(-1),Z_C(-1)                0.045549        0.143867        0.041666        0.059978        0.069579       -0.009601       -0.076721       -0.004325        0.004962
P_star(-1),Z_I(-1)               -0.016173        0.062262        0.303544        0.020906        0.242802       -0.221896        0.060783       -0.001377       -0.006131
P_star(-1),y_star(-1)             0.078635        0.020740        0.012658        0.156347        0.231496       -0.075149        0.081678       -0.005507        0.011504
P_star(-1),i_nom(-1)             -0.091256       -0.099741       -0.115170       -0.164809       -0.263588        0.098778        0.208885        0.018410        0.004677
P_star(-1),K(-1)                 -0.004607       -0.000244       -0.014400       -0.000150       -0.018220        0.018070       -0.004203        0.000070       -0.001053
P_star(-1),P_d(-1)               -0.285575        0.222542        0.134742        0.114739        0.256273       -0.141533        0.087178       -0.034359       -0.123318
P_star(-1),P_im(-1)              -0.044875       -0.376857       -0.302826       -0.235213        0.411120       -0.646333        0.060483        0.040319        0.049198
P_star(-1),P_star(-1)             0.006515       -0.011708        0.011173        0.012787        0.219278       -0.206491        0.432858       -0.001672       -0.000871
eps_A,eps_A                       0.446902        0.108864        0.082042        0.006264       -0.037300        0.043564       -0.053574       -0.033532        0.062030
eps_P_star,eps_A                 -0.173904       -0.157751       -0.068208       -0.009339       -0.479253        0.469914       -0.170383        0.014437       -0.022056
eps_P_star,eps_P_star             0.124050        0.256546        0.190436        0.227397        0.852283       -0.624886        0.307852       -0.012546        0.012361
eps_Pim_star,eps_A                0.162465        0.144383        0.064337        0.003999        0.442118       -0.438119        0.140046       -0.014601        0.018934
eps_Pim_star,eps_P_star          -0.245454       -0.438643       -0.373978       -0.470878       -1.620335        1.149457       -0.015303        0.026224       -0.022360
eps_Pim_star,eps_Pim_star         0.122795        0.169338        0.184201        0.250199        0.761076       -0.510877        0.126976       -0.014045        0.009797
eps_y_star,eps_A                 -0.023628       -0.100460       -0.067649        0.141177       -0.054860        0.196037       -0.048320       -0.001913       -0.008808
eps_y_star,eps_P_star             0.103467        0.027289        0.016655        0.205719        0.304600       -0.098881        0.107471       -0.007247        0.015137
eps_y_star,eps_Pim_star          -0.105638       -0.009696       -0.015026       -0.217129       -0.288860        0.071731        0.020874        0.007848       -0.014780
eps_y_star,eps_y_star             0.033443       -0.011252       -0.005213        0.070206        0.039598        0.030607       -0.005942       -0.001651        0.005930
eps_C,eps_A                      -0.243036        0.697349        0.074359        0.196346       -0.587026        0.783372       -0.111804        0.055760        0.022554
eps_C,eps_P_star                  0.190596        0.602007        0.174348        0.250975        0.291151       -0.040175       -0.321035       -0.018096        0.020763
eps_C,eps_Pim_star               -0.188301       -0.510280       -0.172101       -0.274892       -0.259156       -0.015736       -0.115228        0.017330       -0.021335
eps_C,eps_y_star                  0.083472       -0.136950       -0.041835        0.240753       -0.064254        0.305007       -0.093728       -0.008507        0.008220
eps_C,eps_C                       0.281256        1.091712       -0.055611       -0.009506        0.328692       -0.338198       -0.028782        0.193438        0.360850
eps_I,eps_A                       0.049073       -0.070206        0.483618       -0.110962       -0.205009        0.094047       -0.031845       -0.002196        0.009041
eps_I,eps_P_star                 -0.026383        0.101569        0.495174        0.034105        0.396085       -0.361980        0.099156       -0.002247       -0.010002
eps_I,eps_Pim_star                0.024707       -0.086185       -0.498929       -0.033619       -0.376723        0.343104       -0.040759        0.002681        0.010231
eps_I,eps_y_star                 -0.022645        0.053509       -0.044884       -0.025195        0.055665       -0.080861        0.032818       -0.000600       -0.006592
eps_I,eps_C                      -0.005845       -0.088620        0.508999       -0.084513        0.247195       -0.331708       -0.029924       -0.014086       -0.022598
eps_I,eps_I                       0.000058        0.032546        0.789165        0.024379        0.007031        0.017348        0.009484        0.001237        0.001870
eps_inom,eps_A                   -0.357009       -0.274795       -0.209493       -0.422925        0.417378       -0.840304       -0.032114        0.071674        0.017776
eps_inom,eps_P_star              -0.152093       -0.166235       -0.191951       -0.274682       -0.439313        0.164630        0.348141        0.030683        0.007796
eps_inom,eps_Pim_star             0.158050        0.133009        0.191388        0.302567        0.408994       -0.106426        0.115031       -0.030287       -0.005704
eps_inom,eps_y_star              -0.109417        0.068549        0.058548       -0.280933        0.045110       -0.326044        0.096952        0.006479       -0.017783
eps_inom,eps_C                   -1.414309       -0.638437       -0.211241       -0.475695       -1.268677        0.792982       -0.301241        0.118960       -0.177047
eps_inom,eps_I                    0.034964        0.011830       -0.606183        0.103730       -0.275102        0.378832        0.030782        0.006494        0.018529
eps_inom,eps_inom                 0.273644       -0.156650       -0.020660        0.069321        0.434056       -0.364735        0.030162        0.036331        0.123277
R_star(-1),eps_A                  0.022030       -0.012784        0.008414        0.025703        0.042122       -0.016419        0.003201       -0.000734        0.004436
R_star(-1),eps_P_star            -0.009247       -0.060112       -0.016053       -0.003096       -0.104026        0.100929       -0.032844       -0.000095       -0.002467
R_star(-1),eps_Pim_star           0.008104        0.054597        0.016226        0.002701        0.098018       -0.095317        0.012527        0.000041        0.002098
R_star(-1),eps_y_star             0.001300        0.003975       -0.004642        0.003996       -0.006353        0.010349       -0.015338       -0.000107        0.000166
R_star(-1),eps_C                 -0.005711       -0.130914       -0.005579        0.029186       -0.039281        0.068468        0.005521        0.001942        0.001478
R_star(-1),eps_I                  0.000637        0.002302        0.003609       -0.014051       -0.016028        0.001977       -0.004330        0.000009        0.000174
R_star(-1),eps_inom              -0.008785        0.037296        0.002581       -0.038847        0.040386       -0.079233       -0.009491       -0.001207       -0.004019
B_star(-1),eps_A                 -0.004573        0.002654       -0.001747       -0.005336       -0.008744        0.003408       -0.000664        0.000152       -0.000921
B_star(-1),eps_P_star             0.001920        0.012479        0.003332        0.000643        0.021595       -0.020952        0.006818        0.000020        0.000512
B_star(-1),eps_Pim_star          -0.001682       -0.011334       -0.003368       -0.000561       -0.020348        0.019787       -0.002600       -0.000008       -0.000435
B_star(-1),eps_y_star            -0.000270       -0.000825        0.000964       -0.000830        0.001319       -0.002148        0.003184        0.000022       -0.000034
B_star(-1),eps_C                  0.001185        0.027177        0.001158       -0.006059        0.008154       -0.014213       -0.001146       -0.000403       -0.000307
B_star(-1),eps_I                 -0.000132       -0.000478       -0.000749        0.002917        0.003327       -0.000411        0.000899       -0.000002       -0.000036
B_star(-1),eps_inom               0.001824       -0.007742       -0.000536        0.008064       -0.008384        0.016448        0.001970        0.000251        0.000834
A(-1),eps_A                       0.715043        0.174182        0.131267        0.010023       -0.059680        0.069703       -0.085719       -0.053652        0.099249
A(-1),eps_P_star                 -0.139124       -0.126201       -0.054566       -0.007472       -0.383403        0.375931       -0.136306        0.011549       -0.017645
A(-1),eps_Pim_star                0.129972        0.115506        0.051470        0.003199        0.353694       -0.350495        0.112037       -0.011681        0.015148
A(-1),eps_y_star                 -0.018903       -0.080368       -0.054119        0.112942       -0.043888        0.156830       -0.038656       -0.001530       -0.007047
A(-1),eps_C                      -0.194429        0.557879        0.059487        0.157077       -0.469621        0.626698       -0.089443        0.044608        0.018043
A(-1),eps_I                       0.039258       -0.056165        0.386894       -0.088770       -0.164008        0.075238       -0.025476       -0.001756        0.007233
A(-1),eps_inom                   -0.285607       -0.219836       -0.167594       -0.338340        0.333903       -0.672243       -0.025691        0.057339        0.014221
Pim_star(-1),eps_A                0.129972        0.115506        0.051470        0.003199        0.353694       -0.350495        0.112037       -0.011681        0.015148
Pim_star(-1),eps_P_star          -0.196363       -0.350914       -0.299182       -0.376703       -1.296268        0.919565       -0.012242        0.020979       -0.017888
Pim_star(-1),eps_Pim_star         0.196471        0.270941        0.294722        0.400319        1.217722       -0.817403        0.203162       -0.022472        0.015675
Pim_star(-1),eps_y_star          -0.084510       -0.007756       -0.012021       -0.173703       -0.231088        0.057385        0.016699        0.006278       -0.011824
Pim_star(-1),eps_C               -0.150641       -0.408224       -0.137680       -0.219913       -0.207325       -0.012589       -0.092183        0.013864       -0.017068
Pim_star(-1),eps_I                0.019766       -0.068948       -0.399144       -0.026895       -0.301378        0.274483       -0.032607        0.002144        0.008185
Pim_star(-1),eps_inom             0.126440        0.106407        0.153110        0.242054        0.327195       -0.085141        0.092025       -0.024229       -0.004563
Z_C(-1),eps_A                    -0.072601        0.208315        0.022213        0.058653       -0.175359        0.234012       -0.033399        0.016657        0.006737
Z_C(-1),eps_P_star                0.056936        0.179834        0.052082        0.074972        0.086974       -0.012001       -0.095901       -0.005406        0.006202
Z_C(-1),eps_Pim_star             -0.056250       -0.152433       -0.051411       -0.082117       -0.077416       -0.004701       -0.034421        0.005177       -0.006373
Z_C(-1),eps_y_star                0.024935       -0.040910       -0.012497        0.071919       -0.019194        0.091113       -0.027999       -0.002541        0.002455
Z_C(-1),eps_C                     0.168036        0.652241       -0.033225       -0.005679        0.196377       -0.202056       -0.017196        0.115569        0.215589
Z_C(-1),eps_I                    -0.001746       -0.026473        0.152050       -0.025246        0.073843       -0.099089       -0.008939       -0.004208       -0.006750
Z_C(-1),eps_inom                 -0.422488       -0.190716       -0.063103       -0.142102       -0.378984        0.236883       -0.089988        0.035536       -0.052888
Z_I(-1),eps_A                     0.037602       -0.053796        0.370576       -0.085025       -0.157090        0.072064       -0.024402       -0.001682        0.006928
Z_I(-1),eps_P_star               -0.020216        0.077828        0.379431        0.026133        0.303503       -0.277370        0.075979       -0.001722       -0.007664
Z_I(-1),eps_Pim_star              0.018932       -0.066040       -0.382308       -0.025761       -0.288666        0.262906       -0.031232        0.002054        0.007840
Z_I(-1),eps_y_star               -0.017352        0.041001       -0.034393       -0.019306        0.042654       -0.061960        0.025147       -0.000460       -0.005051
Z_I(-1),eps_C                    -0.004479       -0.067906        0.390024       -0.064759        0.189414       -0.254173       -0.022930       -0.010793       -0.017316
Z_I(-1),eps_I                     0.000089        0.049877        1.209406        0.037362        0.010776        0.026586        0.014534        0.001895        0.002865
Z_I(-1),eps_inom                  0.026791        0.009065       -0.464492        0.079484       -0.210799        0.290283        0.023587        0.004976        0.014198
y_star(-1),eps_A                 -0.022447       -0.095437       -0.064266        0.134118       -0.052117        0.186235       -0.045904       -0.001817       -0.008368
y_star(-1),eps_P_star             0.098294        0.025925        0.015823        0.195433        0.289370       -0.093937        0.102097       -0.006884        0.014380
y_star(-1),eps_Pim_star          -0.100356       -0.009211       -0.014275       -0.206273       -0.274417        0.068145        0.019830        0.007456       -0.014041
y_star(-1),eps_y_star             0.063541       -0.021378       -0.009905        0.133391        0.075237        0.058154       -0.011290       -0.003136        0.011267
y_star(-1),eps_C                  0.079299       -0.130103       -0.039743        0.228716       -0.061041        0.289757       -0.089042       -0.008082        0.007809
y_star(-1),eps_I                 -0.021513        0.050833       -0.042640       -0.023935        0.052882       -0.076818        0.031177       -0.000570       -0.006263
y_star(-1),eps_inom              -0.103946        0.065122        0.055620       -0.266887        0.042855       -0.309741        0.092105        0.006155       -0.016894
i_nom(-1),eps_A                  -0.267757       -0.206096       -0.157120       -0.317194        0.313034       -0.630228       -0.024085        0.053755        0.013332
i_nom(-1),eps_P_star             -0.114070       -0.124676       -0.143963       -0.206012       -0.329485        0.123473        0.261106        0.023012        0.005847
i_nom(-1),eps_Pim_star            0.118537        0.099757        0.143541        0.226925        0.306745       -0.079820        0.086273       -0.022715       -0.004278
i_nom(-1),eps_y_star             -0.082063        0.051412        0.043911       -0.210700        0.033833       -0.244533        0.072714        0.004859       -0.013337
i_nom(-1),eps_C                  -1.060732       -0.478827       -0.158431       -0.356772       -0.951508        0.594736       -0.225931        0.089220       -0.132785
i_nom(-1),eps_I                   0.026223        0.008872       -0.454637        0.077798       -0.206326        0.284124        0.023087        0.004871        0.013897
i_nom(-1),eps_inom                0.410467       -0.234975       -0.030990        0.103982        0.651084       -0.547102        0.045243        0.054496        0.184916
K(-1),eps_A                       0.021887        0.016231       -0.019250        0.005685       -0.008907        0.014592       -0.000397       -0.001923        0.002617
K(-1),eps_P_star                 -0.005759       -0.000305       -0.018000       -0.000187       -0.022775        0.022587       -0.005253        0.000088       -0.001316
K(-1),eps_Pim_star                0.005691       -0.000957        0.018333        0.000320        0.021321       -0.021001        0.004020       -0.000144        0.001215
K(-1),eps_y_star                 -0.000114       -0.004514        0.001355        0.003328       -0.000909        0.004236       -0.001838       -0.000129       -0.000222
K(-1),eps_C                      -0.009614        0.044008       -0.022485        0.007014       -0.029761        0.036775       -0.002297        0.000911       -0.001050
K(-1),eps_I                      -0.007016        0.001933       -0.056868        0.004004       -0.029281        0.033285        0.002542       -0.000329       -0.002257
K(-1),eps_inom                   -0.003817       -0.013893        0.023911       -0.012627        0.026684       -0.039310       -0.001438        0.001958        0.001977
P_d(-1),eps_A                     0.947620       -0.813680       -0.528583       -0.623167       -0.114609       -0.508557       -0.247274        0.067508        0.339447
P_d(-1),eps_P_star               -0.356968        0.278177        0.168428        0.143424        0.320341       -0.176917        0.108972       -0.042949       -0.154148
P_d(-1),eps_Pim_star              0.339144       -0.265929       -0.159563       -0.130393       -0.300751        0.170358       -0.122345        0.041850        0.148019
P_d(-1),eps_y_star               -0.091172        0.085991        0.056571       -0.034187        0.024146       -0.058333        0.027278       -0.007205       -0.033723
P_d(-1),eps_C                    -1.195822        0.589208        0.491464        0.617843        0.525614        0.092229        0.396962       -0.116571       -0.475427
P_d(-1),eps_I                    -0.083522        0.068807       -0.157555        0.075376        0.143745       -0.068369        0.021762       -0.006202       -0.030297
P_d(-1),eps_inom                  1.354480       -0.610753       -0.371214       -0.415921       -0.331424       -0.084497       -0.266514        0.031844        0.388216
P_im(-1),eps_A                    0.095847        0.238562        0.066674        0.055648        0.418270       -0.362622        0.148016       -0.099184       -0.124685
P_im(-1),eps_P_star              -0.056094       -0.471071       -0.378532       -0.294016        0.513901       -0.807916        0.075603        0.050398        0.061498
P_im(-1),eps_Pim_star             0.065274        0.391920        0.373122        0.317247       -0.545483        0.862729        0.134001       -0.049647       -0.058063
P_im(-1),eps_y_star              -0.069575        0.028444        0.047433       -0.146801        0.351867       -0.498667        0.054193        0.008758       -0.004350
P_im(-1),eps_C                   -0.057677       -0.842105       -0.393297       -0.396233       -2.110270        1.714037       -0.174880       -0.016815       -0.039720
P_im(-1),eps_I                    0.082787       -0.128527       -0.864167       -0.054783       -0.355184        0.300401       -0.049006        0.016671        0.045815
P_im(-1),eps_inom                 0.135292        0.520352        0.587811        0.549455        2.265812       -1.716357        0.250836       -0.098968       -0.114446
P_star(-1),eps_A                 -0.139124       -0.126201       -0.054566       -0.007472       -0.383403        0.375931       -0.136306        0.011549       -0.017645
P_star(-1),eps_P_star             0.198480        0.410474        0.304698        0.363835        1.363653       -0.999818        0.492564       -0.020074        0.019777
P_star(-1),eps_Pim_star          -0.196363       -0.350914       -0.299182       -0.376703       -1.296268        0.919565       -0.012242        0.020979       -0.017888
P_star(-1),eps_y_star             0.082774        0.021831        0.013324        0.164575        0.243680       -0.079104        0.085977       -0.005797        0.012109
P_star(-1),eps_C                  0.152477        0.481606        0.139479        0.200780        0.232921       -0.032140       -0.256828       -0.014477        0.016610
P_star(-1),eps_I                 -0.021106        0.081255        0.396139        0.027284        0.316868       -0.289584        0.079325       -0.001797       -0.008001
P_star(-1),eps_inom              -0.121674       -0.132988       -0.153561       -0.219746       -0.351450        0.131704        0.278513        0.024546        0.006237


MOMENTS OF SIMULATED VARIABLES
VARIABLE              MEAN       STD. DEV.        VARIANCE        SKEWNESS        KURTOSIS
GDP               1.989288        0.023724        0.000563        0.029753        0.067001
C                 1.744204        0.023070        0.000532        0.027850        0.011496
I                 0.291104        0.014152        0.000200        0.047076        0.023139
EX                0.593764        0.007891        0.000062        0.046349        0.008174
IM                0.640586        0.012634        0.000160        0.047350       -0.074478
NX               -0.046822        0.017819        0.000318        0.001047       -0.070726
s                 0.809438        0.004110        0.000017        0.019372       -0.007301
P_c               0.999983        0.005937        0.000035        0.004570        0.041362
i_nom             0.020339        0.005665        0.000032        0.010067       -0.018615


CORRELATION OF SIMULATED VARIABLES
VARIABLE        GDP        C        I       EX       IM       NX        s      P_c    i_nom
GDP          1.0000   0.7406   0.4399   0.8239  -0.2506   0.5425   0.4017  -0.8097  -0.4698
C            0.7406   1.0000   0.2401   0.4501   0.3197  -0.0274   0.3559  -0.8040  -0.6918
I            0.4399   0.2401   1.0000   0.1729   0.2462  -0.0980  -0.0029  -0.3546  -0.1239
EX           0.8239   0.4501   0.1729   1.0000  -0.4796   0.7829   0.7316  -0.7422  -0.5827
IM          -0.2506   0.3197   0.2462  -0.4796   1.0000  -0.9214   0.0247   0.0418  -0.3470
NX           0.5425  -0.0274  -0.0980   0.7829  -0.9214   1.0000   0.3065  -0.3583  -0.0120
s            0.4017   0.3559  -0.0029   0.7316   0.0247   0.3065   1.0000  -0.5296  -0.8641
P_c         -0.8097  -0.8040  -0.3546  -0.7422   0.0418  -0.3583  -0.5296   1.0000   0.7398
i_nom       -0.4698  -0.6918  -0.1239  -0.5827  -0.3470  -0.0120  -0.8641   0.7398   1.0000


AUTOCORRELATION OF SIMULATED VARIABLES
VARIABLE          1        2        3        4        5
GDP          0.8319   0.6542   0.5310   0.4409   0.3706
C            0.7137   0.5710   0.5156   0.4912   0.4746
I            0.7447   0.5435   0.3959   0.2869   0.2017
EX           0.8000   0.5921   0.4785   0.4118   0.3641
IM           0.8347   0.6531   0.5528   0.4996   0.4639
NX           0.8966   0.7849   0.6924   0.6186   0.5596
s            0.6852   0.3287   0.1839   0.1491   0.1473
P_c          0.3687   0.2452   0.2217   0.2020   0.1741
i_nom        0.4419   0.1221   0.0183   0.0001  -0.0002



VARIANCE DECOMPOSITION SIMULATING ONE SHOCK AT A TIME (in percent)
                    eps_A        eps_P_star      eps_Pim_star        eps_y_star             eps_C             eps_I          eps_inom  Tot. lin. contr.
GDP                 80.66              0.00              0.00              0.00             14.00              4.77              0.00             99.43
C                   56.95              0.00              0.00              0.00             38.69              3.75              0.00             99.39
I                   12.69              0.00              0.00              0.00              2.64             84.85              0.00            100.17
EX                  67.52              0.00              0.00              0.00             25.48              6.21              0.00             99.20
IM                  61.49              0.00              0.00              0.00             20.64             18.13              0.00            100.25
NX                  82.21              0.00              0.00              0.00              1.13             16.39              0.00             99.73
s                   16.03              0.00              0.00              0.00             79.59              3.91              0.00             99.53
P_c                 39.83              0.00              0.00              0.00             57.59              2.12              0.00             99.54
i_nom                1.79              0.00              0.00              0.00             97.45              0.50              0.00             99.74
Note: numbers do not add up to 100 due to i) non-zero correlation of simulated shocks in small samples and ii) nonlinearity

Total computing time : 0h00m22s
